04/16/2019 15:10:24: Peer 1001 is connected from Peer 1002.
04/16/2019 15:10:24: Peer 1001 is unchoked by Peer 1002.
04/16/2019 15:10:24: Peer 1001 received the interested message from Peer 1002.
04/16/2019 15:10:32: Peer 1001 has the optimistically unchoked neighbour 1002.
04/16/2019 15:10:33: Peer 1001 received the have message from Peer 1002 for the piece 8
04/16/2019 15:10:33: Peer 1001 received the have message from Peer 1002 for the piece 93
04/16/2019 15:10:33: Peer 1001 received the have message from Peer 1002 for the piece 95
04/16/2019 15:10:33: Peer 1001 received the have message from Peer 1002 for the piece 111
04/16/2019 15:10:34: Peer 1001 received the have message from Peer 1002 for the piece 49
04/16/2019 15:10:34: Peer 1001 received the have message from Peer 1002 for the piece 66
04/16/2019 15:10:34: Peer 1001 received the have message from Peer 1002 for the piece 121
04/16/2019 15:10:34: Peer 1001 received the have message from Peer 1002 for the piece 45
04/16/2019 15:10:36: Peer 1001 received the have message from Peer 1002 for the piece 75
04/16/2019 15:10:36: Peer 1001 received the have message from Peer 1002 for the piece 53
04/16/2019 15:10:36: Peer 1001 received the have message from Peer 1002 for the piece 27
04/16/2019 15:10:36: Peer 1001 received the have message from Peer 1002 for the piece 73
04/16/2019 15:10:36: Peer 1001 received the have message from Peer 1002 for the piece 54
04/16/2019 15:10:36: Peer 1001 received the have message from Peer 1002 for the piece 107
04/16/2019 15:10:36: Peer 1001 received the have message from Peer 1002 for the piece 148
04/16/2019 15:10:36: Peer 1001 received the have message from Peer 1002 for the piece 32
04/16/2019 15:10:36: Peer 1001 received the have message from Peer 1002 for the piece 124
04/16/2019 15:10:37: Peer 1001 received the have message from Peer 1002 for the piece 74
04/16/2019 15:10:37: Peer 1001 received the have message from Peer 1002 for the piece 102
04/16/2019 15:10:37: Peer 1001 received the have message from Peer 1002 for the piece 146
04/16/2019 15:10:37: Peer 1001 received the have message from Peer 1002 for the piece 72
04/16/2019 15:10:37: Peer 1001 received the have message from Peer 1002 for the piece 117
04/16/2019 15:10:37: Peer 1001 received the have message from Peer 1002 for the piece 42
04/16/2019 15:10:37: Peer 1001 received the have message from Peer 1002 for the piece 19
04/16/2019 15:10:37: Peer 1001 has the preferred neighbours 1002.
04/16/2019 15:10:37: Peer 1001 received the have message from Peer 1002 for the piece 132
04/16/2019 15:10:38: Peer 1001 received the have message from Peer 1002 for the piece 145
04/16/2019 15:10:38: Peer 1001 received the have message from Peer 1002 for the piece 46
04/16/2019 15:10:38: Peer 1001 received the have message from Peer 1002 for the piece 140
04/16/2019 15:10:38: Peer 1001 received the have message from Peer 1002 for the piece 137
04/16/2019 15:10:38: Peer 1001 received the have message from Peer 1002 for the piece 86
04/16/2019 15:10:38: Peer 1001 received the have message from Peer 1002 for the piece 84
04/16/2019 15:10:38: Peer 1001 received the have message from Peer 1002 for the piece 61
04/16/2019 15:10:38: Peer 1001 received the have message from Peer 1002 for the piece 98
04/16/2019 15:10:38: Peer 1001 received the have message from Peer 1002 for the piece 91
04/16/2019 15:10:39: Peer 1001 received the have message from Peer 1002 for the piece 125
04/16/2019 15:10:39: Peer 1001 received the have message from Peer 1002 for the piece 58
04/16/2019 15:10:39: Peer 1001 received the have message from Peer 1002 for the piece 20
04/16/2019 15:10:39: Peer 1001 received the have message from Peer 1002 for the piece 135
04/16/2019 15:10:39: Peer 1001 received the have message from Peer 1002 for the piece 70
04/16/2019 15:10:39: Peer 1001 received the have message from Peer 1002 for the piece 131
04/16/2019 15:10:39: Peer 1001 received the have message from Peer 1002 for the piece 134
04/16/2019 15:10:39: Peer 1001 received the have message from Peer 1002 for the piece 108
04/16/2019 15:10:40: Peer 1001 received the have message from Peer 1002 for the piece 5
04/16/2019 15:10:40: Peer 1001 received the have message from Peer 1002 for the piece 63
04/16/2019 15:10:40: Peer 1001 received the have message from Peer 1002 for the piece 97
04/16/2019 15:10:40: Peer 1001 received the have message from Peer 1002 for the piece 130
04/16/2019 15:10:40: Peer 1001 received the have message from Peer 1002 for the piece 21
04/16/2019 15:10:40: Peer 1001 received the have message from Peer 1002 for the piece 56
04/16/2019 15:10:40: Peer 1001 received the have message from Peer 1002 for the piece 94
04/16/2019 15:10:40: Peer 1001 received the have message from Peer 1002 for the piece 76
04/16/2019 15:10:40: Peer 1001 received the have message from Peer 1002 for the piece 83
04/16/2019 15:10:41: Peer 1001 received the have message from Peer 1002 for the piece 112
04/16/2019 15:10:41: Peer 1001 received the have message from Peer 1002 for the piece 18
04/16/2019 15:10:41: Peer 1001 received the have message from Peer 1002 for the piece 78
04/16/2019 15:10:41: Peer 1001 received the have message from Peer 1002 for the piece 71
04/16/2019 15:10:41: Peer 1001 received the have message from Peer 1002 for the piece 51
04/16/2019 15:10:41: Peer 1001 received the have message from Peer 1002 for the piece 133
04/16/2019 15:10:41: Peer 1001 received the have message from Peer 1002 for the piece 62
04/16/2019 15:10:41: Peer 1001 received the have message from Peer 1002 for the piece 89
04/16/2019 15:10:41: Peer 1001 received the have message from Peer 1002 for the piece 35
04/16/2019 15:10:42: Peer 1001 received the have message from Peer 1002 for the piece 64
04/16/2019 15:10:42: Peer 1001 received the have message from Peer 1002 for the piece 81
04/16/2019 15:10:42: Peer 1001 received the have message from Peer 1002 for the piece 37
04/16/2019 15:10:42: Peer 1001 received the have message from Peer 1002 for the piece 109
04/16/2019 15:10:42: Peer 1001 received the have message from Peer 1002 for the piece 10
04/16/2019 15:10:42: Peer 1001 received the have message from Peer 1002 for the piece 1
04/16/2019 15:10:42: Peer 1001 received the have message from Peer 1002 for the piece 31
04/16/2019 15:10:42: Peer 1001 received the have message from Peer 1002 for the piece 50
04/16/2019 15:10:42: Peer 1001 received the have message from Peer 1002 for the piece 16
04/16/2019 15:10:43: Peer 1001 received the have message from Peer 1002 for the piece 4
04/16/2019 15:10:43: Peer 1001 received the have message from Peer 1002 for the piece 96
04/16/2019 15:10:43: Peer 1001 received the have message from Peer 1002 for the piece 136
04/16/2019 15:10:43: Peer 1001 received the have message from Peer 1002 for the piece 13
04/16/2019 15:10:43: Peer 1001 received the have message from Peer 1002 for the piece 33
04/16/2019 15:10:43: Peer 1001 received the have message from Peer 1002 for the piece 0
04/16/2019 15:10:43: Peer 1001 received the have message from Peer 1002 for the piece 69
04/16/2019 15:10:43: Peer 1001 received the have message from Peer 1002 for the piece 87
04/16/2019 15:10:44: Peer 1001 received the have message from Peer 1002 for the piece 25
04/16/2019 15:10:44: Peer 1001 received the have message from Peer 1002 for the piece 52
04/16/2019 15:10:44: Peer 1001 received the have message from Peer 1002 for the piece 65
04/16/2019 15:10:44: Peer 1001 received the have message from Peer 1002 for the piece 139
04/16/2019 15:10:44: Peer 1001 received the have message from Peer 1002 for the piece 38
04/16/2019 15:10:44: Peer 1001 received the have message from Peer 1002 for the piece 59
04/16/2019 15:10:44: Peer 1001 received the have message from Peer 1002 for the piece 43
04/16/2019 15:10:44: Peer 1001 received the have message from Peer 1002 for the piece 99
04/16/2019 15:10:44: Peer 1001 received the have message from Peer 1002 for the piece 55
04/16/2019 15:10:45: Peer 1001 received the have message from Peer 1002 for the piece 11
04/16/2019 15:10:45: Peer 1001 received the have message from Peer 1002 for the piece 119
04/16/2019 15:10:45: Peer 1001 received the have message from Peer 1002 for the piece 100
04/16/2019 15:10:45: Peer 1001 received the have message from Peer 1002 for the piece 143
04/16/2019 15:10:45: Peer 1001 received the have message from Peer 1002 for the piece 77
04/16/2019 15:10:45: Peer 1001 received the have message from Peer 1002 for the piece 101
04/16/2019 15:10:45: Peer 1001 received the have message from Peer 1002 for the piece 48
04/16/2019 15:10:45: Peer 1001 received the have message from Peer 1002 for the piece 106
04/16/2019 15:10:45: Peer 1001 received the have message from Peer 1002 for the piece 22
04/16/2019 15:10:46: Peer 1001 received the have message from Peer 1002 for the piece 113
04/16/2019 15:10:46: Peer 1001 received the have message from Peer 1002 for the piece 9
04/16/2019 15:10:46: Peer 1001 received the have message from Peer 1002 for the piece 82
04/16/2019 15:10:46: Peer 1001 received the have message from Peer 1002 for the piece 47
04/16/2019 15:10:46: Peer 1001 received the have message from Peer 1002 for the piece 126
04/16/2019 15:10:46: Peer 1001 received the have message from Peer 1002 for the piece 120
04/16/2019 15:10:46: Peer 1001 received the have message from Peer 1002 for the piece 44
04/16/2019 15:10:46: Peer 1001 received the have message from Peer 1002 for the piece 29
04/16/2019 15:10:46: Peer 1001 received the have message from Peer 1002 for the piece 30
04/16/2019 15:10:47: Peer 1001 received the have message from Peer 1002 for the piece 67
04/16/2019 15:10:47: Peer 1001 received the have message from Peer 1002 for the piece 34
04/16/2019 15:10:47: Peer 1001 received the have message from Peer 1002 for the piece 115
04/16/2019 15:10:47: Peer 1001 received the have message from Peer 1002 for the piece 12
04/16/2019 15:10:47: Peer 1001 received the have message from Peer 1002 for the piece 60
04/16/2019 15:10:47: Peer 1001 received the have message from Peer 1002 for the piece 14
04/16/2019 15:10:47: Peer 1001 received the have message from Peer 1002 for the piece 24
04/16/2019 15:10:47: Peer 1001 received the have message from Peer 1002 for the piece 39
04/16/2019 15:10:47: Peer 1001 received the have message from Peer 1002 for the piece 138
04/16/2019 15:10:48: Peer 1001 received the have message from Peer 1002 for the piece 79
04/16/2019 15:10:48: Peer 1001 received the have message from Peer 1002 for the piece 142
04/16/2019 15:10:48: Peer 1001 received the have message from Peer 1002 for the piece 57
04/16/2019 15:10:48: Peer 1001 received the have message from Peer 1002 for the piece 110
04/16/2019 15:10:48: Peer 1001 received the have message from Peer 1002 for the piece 105
04/16/2019 15:10:48: Peer 1001 received the have message from Peer 1002 for the piece 2
04/16/2019 15:10:48: Peer 1001 received the have message from Peer 1002 for the piece 26
04/16/2019 15:10:48: Peer 1001 received the have message from Peer 1002 for the piece 3
04/16/2019 15:10:49: Peer 1001 received the have message from Peer 1002 for the piece 114
04/16/2019 15:10:49: Peer 1001 received the have message from Peer 1002 for the piece 88
04/16/2019 15:10:49: Peer 1001 received the have message from Peer 1002 for the piece 23
04/16/2019 15:10:49: Peer 1001 received the have message from Peer 1002 for the piece 103
04/16/2019 15:10:49: Peer 1001 received the have message from Peer 1002 for the piece 15
04/16/2019 15:10:49: Peer 1001 received the have message from Peer 1002 for the piece 28
04/16/2019 15:10:49: Peer 1001 received the have message from Peer 1002 for the piece 36
04/16/2019 15:10:49: Peer 1001 received the have message from Peer 1002 for the piece 85
04/16/2019 15:10:49: Peer 1001 received the have message from Peer 1002 for the piece 127
04/16/2019 15:10:50: Peer 1001 received the have message from Peer 1002 for the piece 147
04/16/2019 15:10:50: Peer 1001 received the have message from Peer 1002 for the piece 41
04/16/2019 15:10:50: Peer 1001 received the have message from Peer 1002 for the piece 104
04/16/2019 15:10:50: Peer 1001 received the have message from Peer 1002 for the piece 129
04/16/2019 15:10:50: Peer 1001 received the have message from Peer 1002 for the piece 17
04/16/2019 15:10:50: Peer 1001 received the have message from Peer 1002 for the piece 7
04/16/2019 15:10:50: Peer 1001 received the have message from Peer 1002 for the piece 128
04/16/2019 15:10:50: Peer 1001 received the have message from Peer 1002 for the piece 92
04/16/2019 15:10:50: Peer 1001 received the have message from Peer 1002 for the piece 80
04/16/2019 15:10:51: Peer 1001 received the have message from Peer 1002 for the piece 116
04/16/2019 15:10:51: Peer 1001 received the have message from Peer 1002 for the piece 123
04/16/2019 15:10:51: Peer 1001 received the have message from Peer 1002 for the piece 118
04/16/2019 15:10:51: Peer 1001 received the have message from Peer 1002 for the piece 144
04/16/2019 15:10:52: Peer 1001 received the have message from Peer 1002 for the piece 68
04/16/2019 15:10:52: Peer 1001 received the have message from Peer 1002 for the piece 40
04/16/2019 15:10:52: Peer 1001 received the have message from Peer 1002 for the piece 90
04/16/2019 15:10:52: Peer 1001 received the have message from Peer 1002 for the piece 122
04/16/2019 15:10:52: Peer 1001 received the have message from Peer 1002 for the piece 6
04/16/2019 15:10:52: Peer 1001 has the preferred neighbours 1002.
04/16/2019 15:10:52: Peer 1001 received the have message from Peer 1002 for the piece 141
04/16/2019 15:10:52: Peer 1001 received the not interested message from Peer 1002.
